{"log.record.original":"<Event xmlns='http://schemas.microsoft.com/win/2004/08/events/event'><System><Provider Name='Service Control Manager' Guid='{555908d1-a6d7-4695-8e1e-26931d2012f4}' EventSourceName='Service Control Manager'/><EventID Qualifiers='12345'>7654</EventID><Version>0</Version><Level>4</Level><Task>0</Task><Opcode>0</Opcode><Keywords>0x8080000000000000</Keywords><TimeCreated SystemTime='2025-12-02T23:43:11.8975092Z'/><EventRecordID>2257</EventRecordID><Correlation/><Execution ProcessID='780' ThreadID='7548'/><Channel>System</Channel><Computer>test-computer</Computer><Security/></System><EventData><Data Name='param1'>Client License Service (ClipSVC)</Data><Data Name='param2'>running</Data><Binary>43006C00690070005300560043002F0034000000</Binary></EventData><RenderingInfo Culture='en-US'><Message>The Client License Service (ClipSVC) service entered the running state.</Message><Level>Information</Level><Task></Task><Opcode></Opcode><Channel></Channel><Provider>Microsoft-Windows-Service Control Manager</Provider><Keywords><Keyword>Classic</Keyword></Keywords></RenderingInfo></Event>","channel":"System","computer":"test-computer","event_data":{"binary":"43006C00690070005300560043002F0034000000","data":[{"param1":"Client License Service (ClipSVC)"},{"param2":"running"}]},"event_id":{"id":7654,"qualifiers":12345},"execution":{"process_id":780,"thread_id":7548},"keywords":["Classic"],"level":"Information","message":"The Client License Service (ClipSVC) service entered the running state.","opcode":"0","provider":{"event_source":"Service Control Manager","guid":"{555908d1-a6d7-4695-8e1e-26931d2012f4}","name":"Service Control Manager"},"record_id":2257,"system_time":"2025-12-02T23:43:11.8975092Z","task":"0"}
{"log.record.original":"<Event xmlns='http://schemas.microsoft.com/win/2004/08/events/event'><System><Provider Name='Microsoft-Windows-Security-Auditing' Guid='{54849625-5478-4994-a5ba-3e3b0328c30d}'/><EventID>9876</EventID><Version>0</Version><Level>0</Level><Task>13824</Task><Opcode>0</Opcode><Keywords>0x8020000000000000</Keywords><TimeCreated SystemTime='2025-12-23T20:55:56.6898286Z'/><EventRecordID>24007</EventRecordID><Correlation ActivityID='{8a149361-b6dd-0004-7f1d-4e448369dc01}'/><Execution ProcessID='812' ThreadID='2820'/><Channel>Security</Channel><Computer>test-computer</Computer><Security/></System><EventData><Data Name='SubjectUserSid'>S-0-0-00</Data><Data Name='SubjectUserName'>TEST-COMPUTER$</Data><Data Name='SubjectDomainName'>WORKGROUP</Data><Data Name='SubjectLogonId'>0x3e5</Data><Data Name='TargetName'>WindowsLive:target=virtualapp/didlogical</Data><Data Name='Type'>0</Data><Data Name='CountOfCredentialsReturned'>1</Data><Data Name='ReadOperation'>%%8100</Data><Data Name='ReturnCode'>0</Data><Data Name='ProcessCreationTime'>2025-12-23T20:55:56.6615132Z</Data><Data Name='ClientProcessId'>1234</Data></EventData><RenderingInfo Culture='en-US'><Message>Credential Manager credentials were read.\n\nSubject:\n        Security ID:            S-0-0-0\n        Account Name:           TEST-COMPUTER$\n        Account Domain:         WORKGROUP\n        Logon ID:               0x3E5\n        Read Operation:         Enumerate Credentials\n\nThis event occurs when a user performs a read operation on stored credentials in Credential Manager.</Message><Level>Information</Level><Task>User Account Management</Task><Opcode>Info</Opcode><Channel>Security</Channel><Provider>Microsoft Windows security auditing.</Provider><Keywords><Keyword>Audit Success</Keyword></Keywords></RenderingInfo></Event>","channel":"Security","computer":"test-computer","details":{"Additional Context":["This event occurs when a user performs a read operation on stored credentials in Credential Manager."],"Subject":{"Account Domain":"WORKGROUP","Account Name":"TEST-COMPUTER$","Logon ID":"0x3E5","Read Operation":"Enumerate Credentials","Security ID":"S-0-0-00"}},"event_data":{"data":[{"SubjectUserSid":"S-0-0-00"},{"SubjectUserName":"TEST-COMPUTER$"},{"SubjectDomainName":"WORKGROUP"},{"SubjectLogonId":"0x3e5"},{"TargetName":"WindowsLive:target=virtualapp/didlogical"},{"Type":"0"},{"CountOfCredentialsReturned":"1"},{"ReadOperation":"%%8100"},{"ReturnCode":"0"},{"ProcessCreationTime":"2025-12-23T20:55:56.6615132Z"},{"ClientProcessId":"1234"}]},"event_id":{"id":9876,"qualifiers":0},"execution":{"process_id":812,"thread_id":2820},"keywords":["Audit Success"],"level":"Information","message":"Credential Manager credentials were read.\n\nSubject:\n        Security ID:            S-0-0-00\n        Account Name:           TEST-COMPUTER$\n        Account Domain:         WORKGROUP\n        Logon ID:               0x3E5\n        Read Operation:         Enumerate Credentials\n\nThis event occurs when a user performs a read operation on stored credentials in Credential Manager.","opcode":"Info","provider":{"event_source":"","guid":"{54849625-5478-4994-a5ba-3e3b0328c30d}","name":"Microsoft-Windows-Security-Auditing"},"record_id":24007,"system_time":"2025-12-23T20:55:56.6898286Z","task":"User Account Management"}
{"log.record.original":"<Event xmlns='http://schemas.microsoft.com/win/2004/08/events/event'><System><Provider Name='Microsoft-Windows-Security-Auditing' Guid='{54849625-5478-4994-a5ba-3e3b0328c30d}'/><EventID>9876</EventID><Version>0</Version><Level>0</Level><Task>13824</Task><Opcode>0</Opcode><Keywords>0x8020000000000000</Keywords><TimeCreated SystemTime='2025-12-23T20:55:56.6898286Z'/><EventRecordID>24007</EventRecordID><Correlation ActivityID='{8a149361-b6dd-0004-7f1d-4e448369dc01}'/><Execution ProcessID='812' ThreadID='2820'/><Channel>Security</Channel><Computer>test-computer</Computer><Security/></System><EventData><Data Name='SubjectUserSid'>S-0-0-00</Data><Data Name='SubjectUserName'>TEST-COMPUTER$</Data><Data Name='SubjectDomainName'>WORKGROUP</Data><Data Name='SubjectLogonId'>0x3e5</Data><Data Name='TargetName'>WindowsLive:target=virtualapp/didlogical</Data><Data Name='Type'>0</Data><Data Name='CountOfCredentialsReturned'>1</Data><Data Name='ReadOperation'>%%8100</Data><Data Name='ReturnCode'>0</Data><Data Name='ProcessCreationTime'>2025-12-23T20:55:56.6615132Z</Data><Data Name='ClientProcessId'>1234</Data></EventData><RenderingInfo Culture='en-US'><Message>Credential Manager credentials were read.\n\nSubject:\n        Security ID:            S-0-0-0\n        Account Name:           TEST-COMPUTER$\n        Account Domain:         WORKGROUP\n        Logon ID:               0x3E5\n        Read Operation:         Enumerate Credentials\n\nThis event occurs when a user performs a read operation on stored credentials in Credential Manager.</Message><Level>Information</Level><Task>User Account Management</Task><Opcode>Info</Opcode><Channel>Security</Channel><Provider>Microsoft Windows security auditing.</Provider><Keywords><Keyword>Audit Failure</Keyword></Keywords></RenderingInfo></Event>","channel":"Security","computer":"test-computer","details":{"Additional Context":["This event occurs when a user performs a read operation on stored credentials in Credential Manager."],"Subject":{"Account Domain":"WORKGROUP","Account Name":"TEST-COMPUTER$","Logon ID":"0x3E5","Read Operation":"Enumerate Credentials","Security ID":"S-0-0-00"}},"event_data":{"data":[{"SubjectUserSid":"S-0-0-00"},{"SubjectUserName":"TEST-COMPUTER$"},{"SubjectDomainName":"WORKGROUP"},{"SubjectLogonId":"0x3e5"},{"TargetName":"WindowsLive:target=virtualapp/didlogical"},{"Type":"0"},{"CountOfCredentialsReturned":"1"},{"ReadOperation":"%%8100"},{"ReturnCode":"0"},{"ProcessCreationTime":"2025-12-23T20:55:56.6615132Z"},{"ClientProcessId":"1234"}]},"event_id":{"id":9876,"qualifiers":0},"execution":{"process_id":812,"thread_id":2820},"keywords":["Audit Failure"],"level":"Information","message":"Credential Manager credentials were read.\n\nSubject:\n        Security ID:            S-0-0-00\n        Account Name:           TEST-COMPUTER$\n        Account Domain:         WORKGROUP\n        Logon ID:               0x3E5\n        Read Operation:         Enumerate Credentials\n\nThis event occurs when a user performs a read operation on stored credentials in Credential Manager.","opcode":"Info","provider":{"event_source":"","guid":"{54849625-5478-4994-a5ba-3e3b0328c30d}","name":"Microsoft-Windows-Security-Auditing"},"record_id":24007,"system_time":"2025-12-23T20:55:56.6898286Z","task":"User Account Management"}
