{"channel":"System","computer":"test-computer","event_data":{"binary":"12345","data":[{"param1":"Windows Modules Installer"},{"param2":"running"}]},"event_id":{"id":4444,"qualifiers":33333},"execution":{"process_id":222,"thread_id":0},"keywords":["Classic"],"level":"Information","message":"The Windows Modules Installer service entered the running state.","opcode":"0","provider":{"event_source":"Service Control Manager","guid":"{11111111}","name":"Service Control Manager"},"record_id":1111,"system_time":"2025-07-02T20:38:45.026077400Z", "time":"2025-07-02T20:38:45.026077400Z","task":"0"}
{"channel":"System","computer":"test-computer","event_data":{"binary":"12345","data":[{"param1":"Software Protection"},{"param2":"stopped"}]},"event_id":{"id":4444,"qualifiers":33333},"execution":{"process_id":222,"thread_id":0},"keywords":["Classic"],"level":"Information","message":"The Software Protection service entered the stopped state.","opcode":"0","provider":{"event_source":"Service Control Manager","guid":"{11111111}","name":"Service Control Manager"},"record_id":1111,"system_time":"2025-07-02T20:39:32.339006100Z", "time":"2025-07-02T20:39:32.339006100Z","task":"0"}
{"channel":"System","computer":"test-computer","event_data":{"binary":"12345","data":[{"param1":"Network Setup Service"},{"param2":"running"}]},"event_id":{"id":7036,"qualifiers":16384},"execution":{"process_id":780,"thread_id":8328},"keywords":["Classic"],"level":"Information","message":"The Network Setup Service service entered the running state.","opcode":"0","provider":{"event_source":"Service Control Manager","guid":"{11111111}","name":"Service Control Manager"},"record_id":2273,"system_time":"2025-12-02T23:57:13.2944449Z","task":"0"}
{"channel":"Application","computer":"test-computer","event_data":{"data":[{"":"2025-12-09T22:44:19Z"},{"":"RulesEngine"}]},"event_id":{"id":16384,"qualifiers":16384},"execution":{"process_id":0,"thread_id":0},"keywords":["Classic"],"level":"Information","message":"Successfully scheduled Software Protection service for re-start at 2025-12-09T22:44:19Z. Reason: RulesEngine.","opcode":"0","provider":{"event_source":"Software Protection Platform Service","guid":"{11111111}","name":"Microsoft-Windows-Security-SPP"},"record_id":24567,"system_time":"2025-12-02T23:45:19.6366777Z","task":"0"}
{"channel":"System","computer":"test-computer","event_data":{"data":[{"param1":"Google Cloud Ops Agent - Logging Agent"},{"param2":"8856"},{"param3":"5212"}]},"event_id":{"id":7039,"qualifiers":32768},"execution":{"process_id":780,"thread_id":7152},"keywords":["Classic"],"level":"Warning","message":"A service process other than the one launched by the Service Control Manager connected when starting the Google Cloud Ops Agent - Logging Agent service.  The Service Control Manager launched process 8856 and process 5212 connected instead.\n\n  Note that if this service is configured to start under a debugger, this behavior is expected.","opcode":"0","provider":{"event_source":"Service Control Manager","guid":"{555908d1-a6d7-4695-8e1e-26931d2012f4}","name":"Service Control Manager"},"record_id":2285,"system_time":"2025-12-03T00:13:07.2682140Z","task":"0"}
{"channel":"System","computer":"test-computer","event_data":{"data":[{"HResult":"-2147020471"},{"UpdateType":"1024"}]},"event_id":{"id":1796,"qualifiers":0},"execution":{"process_id":6456,"thread_id":6424},"keywords":["0x8000000000000000"],"level":"Error","message":"The Secure Boot update failed to update a Secure Boot variable with error Secure Boot is not enabled on this machine.. For more information, please see https://go.microsoft.com/fwlink/?linkid=2169931","opcode":"Info","provider":{"event_source":"","guid":"{7d5387b0-cbe0-11da-a94d-0800200c9a66}","name":"Microsoft-Windows-TPM-WMI"},"record_id":2133,"security":{"user_id":"S-1-5-18"},"system_time":"2025-12-02T22:49:40.4939915Z","task":"0"}
