{"log.record.original":"<Event xmlns='http://schemas.microsoft.com/win/2004/08/events/event'><System><Provider Name='Microsoft-Windows-Security-Auditing' Guid='{11111111-2222-3333-4444-555555555555}'/><EventID>4567</EventID><Version>0</Version><Level>0</Level><Task>56789</Task><Opcode>0</Opcode><Keywords>0x8020000000000000</Keywords><TimeCreated SystemTime='2026-01-16T18:45:59.5782153Z'/><EventRecordID>34567</EventRecordID><Correlation ActivityID='{000000000-0000-0000-0000-000000000000}'/><Execution ProcessID='820' ThreadID='6080'/><Channel>Security</Channel><Computer>test-computer</Computer><Security/></System><EventData><Data Name='SubjectUserSid'>S-0-0-00</Data><Data Name='SubjectUserName'>SYSTEM</Data><Data Name='SubjectDomainName'>NT AUTHORITY</Data><Data Name='SubjectLogonId'>0x000</Data><Data Name='PrivilegeList'>SeAssignPrimaryTokenPrivilege\n\t\t\tSeTcbPrivilege\n\t\t\tSeSecurityPrivilege\n\t\t\tSeTakeOwnershipPrivilege\n\t\t\tSeLoadDriverPrivilege\n\t\t\tSeBackupPrivilege\n\t\t\tSeRestorePrivilege\n\t\t\tSeDebugPrivilege\n\t\t\tSeAuditPrivilege\n\t\t\tSeSystemEnvironmentPrivilege\n\t\t\tSeImpersonatePrivilege\n\t\t\tSeDelegateSessionUserImpersonatePrivilege</Data></EventData><RenderingInfo Culture='en-US'><Message>Special privileges assigned to new logon.\n\nSubject:\n\tSecurity ID:\t\tS-0-0-00\n\tAccount Name:\t\tSYSTEM\n\tAccount Domain:\t\tNT AUTHORITY\n\tLogon ID:\t\t0x000\n\nPrivileges:\t\tSeAssignPrimaryTokenPrivilege\n\t\t\tSeTcbPrivilege\n\t\t\tSeSecurityPrivilege\n\t\t\tSeTakeOwnershipPrivilege\n\t\t\tSeLoadDriverPrivilege\n\t\t\tSeBackupPrivilege\n\t\t\tSeRestorePrivilege\n\t\t\tSeDebugPrivilege\n\t\t\tSeAuditPrivilege\n\t\t\tSeSystemEnvironmentPrivilege\n\t\t\tSeImpersonatePrivilege\n\t\t\tSeDelegateSessionUserImpersonatePrivilege</Message><Level>Information</Level><Task>Special Logon</Task><Opcode>Info</Opcode><Channel>Security</Channel><Provider>Microsoft Windows security auditing.</Provider><Keywords><Keyword>Audit Success</Keyword></Keywords></RenderingInfo></Event>","channel":"Security","computer":"test-computer","correlation":{"activity_id":"{000000000-0000-0000-0000-000000000000}"},"details":{"Privileges":["SeAssignPrimaryTokenPrivilege","SeTcbPrivilege","SeSecurityPrivilege","SeTakeOwnershipPrivilege","SeLoadDriverPrivilege","SeBackupPrivilege","SeRestorePrivilege","SeDebugPrivilege","SeAuditPrivilege","SeSystemEnvironmentPrivilege","SeImpersonatePrivilege","SeDelegateSessionUserImpersonatePrivilege"],"Subject":{"Account Domain":"NT AUTHORITY","Account Name":"SYSTEM","Logon ID":"0x000","Security ID":"S-0-0-00"}},"event_data":{"data":[{"SubjectUserSid":"S-0-0-00"},{"SubjectUserName":"SYSTEM"},{"SubjectDomainName":"NT AUTHORITY"},{"SubjectLogonId":"0x000"},{"PrivilegeList":"SeAssignPrimaryTokenPrivilege\n\t\t\tSeTcbPrivilege\n\t\t\tSeSecurityPrivilege\n\t\t\tSeTakeOwnershipPrivilege\n\t\t\tSeLoadDriverPrivilege\n\t\t\tSeBackupPrivilege\n\t\t\tSeRestorePrivilege\n\t\t\tSeDebugPrivilege\n\t\t\tSeAuditPrivilege\n\t\t\tSeSystemEnvironmentPrivilege\n\t\t\tSeImpersonatePrivilege\n\t\t\tSeDelegateSessionUserImpersonatePrivilege"}]},"event_id":{"id":4567,"qualifiers":0},"execution":{"process_id":820,"thread_id":6080},"keywords":["Audit Success"],"level":"Information","message":"Special privileges assigned to new logon.","opcode":"Info","provider":{"event_source":"","guid":"{11111111-2222-3333-4444-555555555555}","name":"Microsoft-Windows-Security-Auditing"},"record_id":34567,"system_time":"2026-01-16T18:45:59.5782153Z","task":"Special Logon","version":0}
{"log.record.original":"<Event xmlns='http://schemas.microsoft.com/win/2004/08/events/event'><System><Provider Name='Microsoft-Windows-Security-Auditing' Guid='{11111111-2222-3333-4444-555555555555}'/><EventID>4567</EventID><Version>0</Version><Level>0</Level><Task>56789</Task><Opcode>0</Opcode><Keywords>0x8020000000000000</Keywords><TimeCreated SystemTime='2026-01-16T18:45:59.5782153Z'/><EventRecordID>34567</EventRecordID><Correlation ActivityID='{000000000-0000-0000-0000-000000000000}'/><Execution ProcessID='820' ThreadID='6080'/><Channel>Security</Channel><Computer>test-computer</Computer><Security/></System><EventData><Data Name='SubjectUserSid'>S-0-0-00</Data><Data Name='SubjectUserName'>SYSTEM</Data><Data Name='SubjectDomainName'>NT AUTHORITY</Data><Data Name='SubjectLogonId'>0x000</Data><Data Name='PrivilegeList'>SeAssignPrimaryTokenPrivilege\n\t\t\tSeTcbPrivilege\n\t\t\tSeSecurityPrivilege\n\t\t\tSeTakeOwnershipPrivilege\n\t\t\tSeLoadDriverPrivilege\n\t\t\tSeBackupPrivilege\n\t\t\tSeRestorePrivilege\n\t\t\tSeDebugPrivilege\n\t\t\tSeAuditPrivilege\n\t\t\tSeSystemEnvironmentPrivilege\n\t\t\tSeImpersonatePrivilege\n\t\t\tSeDelegateSessionUserImpersonatePrivilege</Data></EventData><RenderingInfo Culture='en-US'><Message>Special privileges assigned to new logon.\n\nSubject:\n\tSecurity ID:\t\tS-0-0-00\n\tAccount Name:\t\tSYSTEM\n\tAccount Domain:\t\tNT AUTHORITY\n\tLogon ID:\t\t0x000\n\nPrivileges:\t\tSeAssignPrimaryTokenPrivilege\n\t\t\tSeTcbPrivilege\n\t\t\tSeSecurityPrivilege\n\t\t\tSeTakeOwnershipPrivilege\n\t\t\tSeLoadDriverPrivilege\n\t\t\tSeBackupPrivilege\n\t\t\tSeRestorePrivilege\n\t\t\tSeDebugPrivilege\n\t\t\tSeAuditPrivilege\n\t\t\tSeSystemEnvironmentPrivilege\n\t\t\tSeImpersonatePrivilege\n\t\t\tSeDelegateSessionUserImpersonatePrivilege</Message><Level>Information</Level><Task>Special Logon</Task><Opcode>Info</Opcode><Channel>Security</Channel><Provider>Microsoft Windows security auditing.</Provider><Keywords><Keyword>Audit Failure</Keyword></Keywords></RenderingInfo></Event>","channel":"Security","computer":"test-computer","correlation":{"activity_id":"{000000000-0000-0000-0000-000000000000}"},"details":{"Privileges":["SeAssignPrimaryTokenPrivilege","SeTcbPrivilege","SeSecurityPrivilege","SeTakeOwnershipPrivilege","SeLoadDriverPrivilege","SeBackupPrivilege","SeRestorePrivilege","SeDebugPrivilege","SeAuditPrivilege","SeSystemEnvironmentPrivilege","SeImpersonatePrivilege","SeDelegateSessionUserImpersonatePrivilege"],"Subject":{"Account Domain":"NT AUTHORITY","Account Name":"SYSTEM","Logon ID":"0x000","Security ID":"S-0-0-00"}},"event_data":{"data":[{"SubjectUserSid":"S-0-0-00"},{"SubjectUserName":"SYSTEM"},{"SubjectDomainName":"NT AUTHORITY"},{"SubjectLogonId":"0x000"},{"PrivilegeList":"SeAssignPrimaryTokenPrivilege\n\t\t\tSeTcbPrivilege\n\t\t\tSeSecurityPrivilege\n\t\t\tSeTakeOwnershipPrivilege\n\t\t\tSeLoadDriverPrivilege\n\t\t\tSeBackupPrivilege\n\t\t\tSeRestorePrivilege\n\t\t\tSeDebugPrivilege\n\t\t\tSeAuditPrivilege\n\t\t\tSeSystemEnvironmentPrivilege\n\t\t\tSeImpersonatePrivilege\n\t\t\tSeDelegateSessionUserImpersonatePrivilege"}]},"event_id":{"id":4567,"qualifiers":0},"execution":{"process_id":820,"thread_id":6080},"keywords":["Audit Failure"],"level":"Information","message":"Special privileges assigned to new logon.","opcode":"Info","provider":{"event_source":"","guid":"{11111111-2222-3333-4444-555555555555}","name":"Microsoft-Windows-Security-Auditing"},"record_id":34567,"system_time":"2026-01-16T18:45:59.5782153Z","task":"Special Logon","version":0}
{"log.record.original":"<Event xmlns='http://schemas.microsoft.com/win/2004/08/events/event'><System><Provider Name='Service Control Manager' Guid='{11111111-2222-3333-4444-555555555555}' EventSourceName='Service Control Manager'/><EventID Qualifiers='12345'>7036</EventID><Version>0</Version><Level>4</Level><Task>0</Task><Opcode>0</Opcode><Keywords>0x8080000000000000</Keywords><TimeCreated SystemTime='2025-12-14T05:26:29.0709018Z'/><EventRecordID>11223</EventRecordID><Correlation/><Execution ProcessID='789' ThreadID='5678'/><Channel>System</Channel><Computer>test-computer</Computer><Security/></System><EventData><Data Name='param1'>Software Protection</Data><Data Name='param2'>stopped</Data><Binary>7300700070007300760063002F0031000000</Binary></EventData><RenderingInfo Culture='en-US'><Message>The Software Protection service entered the stopped state.</Message><Level>Information</Level><Task></Task><Opcode></Opcode><Channel></Channel><Provider>Microsoft-Windows-Service Control Manager</Provider><Keywords><Keyword>Classic</Keyword></Keywords></RenderingInfo></Event>","channel":"System","computer":"test-computer","correlation":{},"event_data":{"binary":"7300700070007300760063002F0031000000","data":[{"param1":"Software Protection"},{"param2":"stopped"}]},"event_id":{"id":7036,"qualifiers":12345},"execution":{"process_id":789,"thread_id":5678},"keywords":["Classic"],"level":"Information","message":"The Software Protection service entered the stopped state.","opcode":"0","provider":{"event_source":"Service Control Manager","guid":"{11111111-2222-3333-4444-555555555555}","name":"Service Control Manager"},"record_id":11223,"system_time":"2025-12-14T05:26:29.0709018Z","task":"0","version":0}
{"log.record.original":"<Event xmlns='http://schemas.microsoft.com/win/2004/08/events/event'><System><Provider Name='Service Control Manager' Guid='{11111111-2222-3333-4444-555555555555}' EventSourceName='Service Control Manager'/><EventID Qualifiers='12345'>7036</EventID><Version>0</Version><Level>4</Level><Task>0</Task><Opcode>0</Opcode><Keywords>0x8080000000000000</Keywords><TimeCreated SystemTime='2025-12-14T05:25:55.5387001Z'/><EventRecordID>22334</EventRecordID><Correlation/><Execution ProcessID='789' ThreadID='9876'/><Channel>System</Channel><Computer>test-computer</Computer><Security/></System><EventData><Data Name='param1'>Software Protection</Data><Data Name='param2'>running</Data><Binary>7300700070007300760063002F0034000000</Binary></EventData><RenderingInfo Culture='en-US'><Message>The Software Protection service entered the running state.</Message><Level>Information</Level><Task></Task><Opcode></Opcode><Channel></Channel><Provider>Microsoft-Windows-Service Control Manager</Provider><Keywords><Keyword>Classic</Keyword></Keywords></RenderingInfo></Event>", "channel":"System","computer":"test-computer","correlation":{},"event_data":{"binary":"7300700070007300760063002F0034000000","data":[{"param1":"Software Protection"},{"param2":"running"}]},"event_id":{"id":7036,"qualifiers":12345},"execution":{"process_id":789,"thread_id":9876},"keywords":["Classic"],"level":"Information","message":"The Software Protection service entered the running state.","opcode":"0","provider":{"event_source":"Service Control Manager","guid":"{11111111-2222-3333-4444-555555555555}","name":"Service Control Manager"},"record_id":22334,"system_time":"2025-12-14T05:25:55.5387001Z","task":"0","version":0}
{"log.record.original":"<Event xmlns='http://schemas.microsoft.com/win/2004/08/events/event'><System><Provider Name='Service Control Manager' Guid='{11111111-2222-3333-4444-555555555555}' EventSourceName='Service Control Manager'/><EventID Qualifiers='12345'>2065</EventID><Version>0</Version><Level>4</Level><Task>0</Task><Opcode>0</Opcode><Keywords>0x8080000000000000</Keywords><TimeCreated SystemTime='2025-12-14T05:25:55.5387001Z'/><EventRecordID>22334</EventRecordID><Correlation/><Execution ProcessID='789' ThreadID='9876'/><Channel>Directory Service</Channel><Computer>test-computer</Computer><Security/></System><EventData></EventData><RenderingInfo Culture='en-US'><Message>Quota enforcement is now in effect.</Message><Level>Information</Level><Task></Task><Opcode></Opcode><Channel></Channel><Provider>NTDS General</Provider><Keywords><Keyword>Classic</Keyword></Keywords></RenderingInfo></Event>", "channel":"Directory Service","computer":"test-computer","correlation":{},"event_id":{"id":2065,"qualifiers":12345},"execution":{"process_id":789,"thread_id":9876},"keywords":["Classic"],"level":"Information","message":"Quota enforcement is now in effect.","opcode":"0","provider":{"event_source":"NTDS General","guid":"{11111111-2222-3333-4444-555555555555}","name":"NTDS General"},"record_id":22334,"system_time":"2025-12-14T05:25:55.5387001Z","task":"0","version":0}
